<?xml version="1.0" encoding="UTF-8"?>
<testng-results ignored="0" total="1" passed="1" failed="0" skipped="0">
  <reporter-output>
  </reporter-output>
  <suite started-at="2025-03-13T12:49:22 IST" name="Default suite" finished-at="2025-03-13T12:49:22 IST" duration-ms="96">
    <groups>
    </groups>
    <test started-at="2025-03-13T12:49:22 IST" name="Default test" finished-at="2025-03-13T12:49:22 IST" duration-ms="96">
      <class name="Practice.Program2Test">
        <test-method signature="testCase()[pri:0, instance:Practice.Program2Test@7b9a4292]" started-at="2025-03-13T12:49:22 IST" name="testCase" finished-at="2025-03-13T12:49:22 IST" duration-ms="16" status="PASS">
          <reporter-output>
          </reporter-output>
        </test-method> <!-- testCase -->
      </class> <!-- Practice.Program2Test -->
    </test> <!-- Default test -->
  </suite> <!-- Default suite -->
</testng-results>
