<?xml version="1.0" encoding="UTF-8"?>
<testng-results ignored="0" total="2" passed="2" failed="0" skipped="0">
  <reporter-output>
  </reporter-output>
  <suite started-at="2025-03-13T12:46:21 IST" name="Surefire suite" finished-at="2025-03-13T12:46:21 IST" duration-ms="68">
    <groups>
    </groups>
    <test started-at="2025-03-13T12:46:21 IST" name="Surefire test" finished-at="2025-03-13T12:46:21 IST" duration-ms="68">
      <class name="Practice.Program2Test">
        <test-method signature="testCase()[pri:0, instance:Practice.Program2Test@48524010]" started-at="2025-03-13T12:46:21 IST" name="testCase" finished-at="2025-03-13T12:46:21 IST" duration-ms="6" status="PASS">
          <reporter-output>
          </reporter-output>
        </test-method> <!-- testCase -->
      </class> <!-- Practice.Program2Test -->
      <class name="Practice.ProgramTest">
        <test-method signature="testCase()[pri:0, instance:Practice.ProgramTest@5906ebcb]" started-at="2025-03-13T12:46:21 IST" name="testCase" finished-at="2025-03-13T12:46:21 IST" duration-ms="0" status="PASS">
          <reporter-output>
          </reporter-output>
        </test-method> <!-- testCase -->
      </class> <!-- Practice.ProgramTest -->
    </test> <!-- Surefire test -->
  </suite> <!-- Surefire suite -->
</testng-results>
